<?xml version="1.0" encoding="UTF-8"?>
<testsuite xmlns:xsi="http://www.w3.org/2001/XMLSchema-instance" xsi:noNamespaceSchemaLocation="https://maven.apache.org/surefire/maven-surefire-plugin/xsd/surefire-test-report-3.0.xsd" version="3.0" name="com.ossimulator.kernel.KernelTest" time="0.029" tests="11" errors="0" skipped="0" failures="0">
  <properties>
[...]
</properties>
  <testcase name="testPriorityOrder" classname="com.ossimulator.kernel.KernelTest" time="0.003">
    <system-out><![CDATA[  [Memory] Loaded P1 to RAM. Memory: 1/3
[Kernel] Created process: Process[pid=1, name=Low, state=READY, priority=1, remaining=10]
  [Memory] Loaded P2 to RAM. Memory: 2/3
[Kernel] Created process: Process[pid=2, name=High, state=READY, priority=5, remaining=10]
  [Dispatcher][Core 0] Restored context for P2 (PC=0)
------------------------------------------
  DISPATCH #1 [Core 0]
  Current:  P2 (High) -> RUNNING
------------------------------------------
[Kernel] Core 0: DISPATCHED P2 (High)
  [Dispatcher][Core 0] Saved context for P2 (PC=20)
[Kernel] Core 0: PREEMPTED P2 (High)
]]></system-out>
  </testcase>
  <testcase name="testRunCycleEmptyQueue" classname="com.ossimulator.kernel.KernelTest" time="0.0">
    <system-out><![CDATA[[Kernel] No process ready to run
]]></system-out>
  </testcase>
  <testcase name="testCreateProcess" classname="com.ossimulator.kernel.KernelTest" time="0.001">
    <system-out><![CDATA[  [Memory] Loaded P1 to RAM. Memory: 1/3
[Kernel] Created process: Process[pid=1, name=Test, state=READY, priority=1, remaining=10]
]]></system-out>
  </testcase>
  <testcase name="testStopRunning" classname="com.ossimulator.kernel.KernelTest" time="0.0"/>
  <testcase name="testSimulationTime" classname="com.ossimulator.kernel.KernelTest" time="0.005">
    <system-out><![CDATA[  [Memory] Loaded P1 to RAM. Memory: 1/3
[Kernel] Created process: Process[pid=1, name=Test, state=READY, priority=1, remaining=10]
  [Dispatcher][Core 0] Restored context for P1 (PC=0)
------------------------------------------
  DISPATCH #1 [Core 0]
  Current:  P1 (Test) -> RUNNING
------------------------------------------
[Kernel] Core 0: DISPATCHED P1 (Test)
  [Dispatcher][Core 0] Saved context for P1 (PC=20)
[Kernel] Core 0: PREEMPTED P1 (Test)
  [Dispatcher][Core 0] Restored context for P1 (PC=20)
------------------------------------------
  DISPATCH #2 [Core 0]
  Current:  P1 (Test) -> RUNNING
------------------------------------------
[Kernel] Core 0: DISPATCHED P1 (Test)
  [Dispatcher][Core 0] Saved context for P1 (PC=40)
[Kernel] Core 0: PREEMPTED P1 (Test)
]]></system-out>
  </testcase>
  <testcase name="testInitialization" classname="com.ossimulator.kernel.KernelTest" time="0.0"/>
  <testcase name="testMemorySwap" classname="com.ossimulator.kernel.KernelTest" time="0.001">
    <system-out><![CDATA[  [Memory] Loaded P1 to RAM. Memory: 1/3
[Kernel] Created process: Process[pid=1, name=P1, state=READY, priority=1, remaining=10]
  [Memory] Loaded P2 to RAM. Memory: 2/3
[Kernel] Created process: Process[pid=2, name=P2, state=READY, priority=2, remaining=10]
  [Memory] Loaded P3 to RAM. Memory: 3/3
[Kernel] Created process: Process[pid=3, name=P3, state=READY, priority=3, remaining=10]
  [Memory] Swapped out P1. Memory: 2/3, Swap: 1
  [Memory] Loaded P4 to RAM. Memory: 3/3
[Kernel] Created process: Process[pid=4, name=P4, state=READY, priority=4, remaining=10]
]]></system-out>
  </testcase>
  <testcase name="testProcessCompletion" classname="com.ossimulator.kernel.KernelTest" time="0.004">
    <system-out><![CDATA[  [Memory] Loaded P1 to RAM. Memory: 1/3
[Kernel] Created process: Process[pid=1, name=Test, state=READY, priority=1, remaining=4]
  [Dispatcher][Core 0] Restored context for P1 (PC=0)
------------------------------------------
  DISPATCH #1 [Core 0]
  Current:  P1 (Test) -> RUNNING
------------------------------------------
[Kernel] Core 0: DISPATCHED P1 (Test)
  [Dispatcher][Core 0] Saved context for P1 (PC=20)
[Kernel] Core 0: PREEMPTED P1 (Test)
  [Dispatcher][Core 0] Restored context for P1 (PC=20)
------------------------------------------
  DISPATCH #2 [Core 0]
  Current:  P1 (Test) -> RUNNING
------------------------------------------
[Kernel] Core 0: DISPATCHED P1 (Test)
  [Memory] Released memory for P1
[Kernel] Core 0: TERMINATED P1 (Test)
]]></system-out>
  </testcase>
  <testcase name="testRunCycle" classname="com.ossimulator.kernel.KernelTest" time="0.002">
    <system-out><![CDATA[  [Memory] Loaded P1 to RAM. Memory: 1/3
[Kernel] Created process: Process[pid=1, name=Test, state=READY, priority=1, remaining=10]
  [Dispatcher][Core 0] Restored context for P1 (PC=0)
------------------------------------------
  DISPATCH #1 [Core 0]
  Current:  P1 (Test) -> RUNNING
------------------------------------------
[Kernel] Core 0: DISPATCHED P1 (Test)
  [Dispatcher][Core 0] Saved context for P1 (PC=20)
[Kernel] Core 0: PREEMPTED P1 (Test)
]]></system-out>
  </testcase>
  <testcase name="testMultipleProcessesPriority" classname="com.ossimulator.kernel.KernelTest" time="0.007">
    <system-out><![CDATA[  [Memory] Loaded P1 to RAM. Memory: 1/3
[Kernel] Created process: Process[pid=1, name=Priority3, state=READY, priority=3, remaining=6]
  [Memory] Loaded P2 to RAM. Memory: 2/3
[Kernel] Created process: Process[pid=2, name=Priority2, state=READY, priority=2, remaining=4]
  [Memory] Loaded P3 to RAM. Memory: 3/3
[Kernel] Created process: Process[pid=3, name=Priority1, state=READY, priority=1, remaining=2]
  [Dispatcher][Core 0] Restored context for P1 (PC=0)
------------------------------------------
  DISPATCH #1 [Core 0]
  Current:  P1 (Priority3) -> RUNNING
------------------------------------------
[Kernel] Core 0: DISPATCHED P1 (Priority3)
  [Dispatcher][Core 0] Saved context for P1 (PC=20)
[Kernel] Core 0: PREEMPTED P1 (Priority3)
  [Dispatcher][Core 0] Restored context for P1 (PC=20)
------------------------------------------
  DISPATCH #2 [Core 0]
  Current:  P1 (Priority3) -> RUNNING
------------------------------------------
[Kernel] Core 0: DISPATCHED P1 (Priority3)
  [Dispatcher][Core 0] Saved context for P1 (PC=40)
[Kernel] Core 0: PREEMPTED P1 (Priority3)
  [Dispatcher][Core 0] Restored context for P1 (PC=40)
------------------------------------------
  DISPATCH #3 [Core 0]
  Current:  P1 (Priority3) -> RUNNING
------------------------------------------
[Kernel] Core 0: DISPATCHED P1 (Priority3)
  [Memory] Released memory for P1
[Kernel] Core 0: TERMINATED P1 (Priority3)
]]></system-out>
  </testcase>
  <testcase name="testIncrementingPids" classname="com.ossimulator.kernel.KernelTest" time="0.002">
    <system-out><![CDATA[  [Memory] Loaded P1 to RAM. Memory: 1/3
[Kernel] Created process: Process[pid=1, name=P1, state=READY, priority=1, remaining=10]
  [Memory] Loaded P2 to RAM. Memory: 2/3
[Kernel] Created process: Process[pid=2, name=P2, state=READY, priority=1, remaining=10]
  [Memory] Loaded P3 to RAM. Memory: 3/3
[Kernel] Created process: Process[pid=3, name=P3, state=READY, priority=1, remaining=10]
]]></system-out>
  </testcase>
</testsuite>