<?xml version="1.0" encoding="UTF-8"?>
<testsuite xmlns:xsi="http://www.w3.org/2001/XMLSchema-instance" xsi:noNamespaceSchemaLocation="https://maven.apache.org/surefire/maven-surefire-plugin/xsd/surefire-test-report-3.0.xsd" version="3.0" name="com.ossimulator.core.ProcessStateTest" time="0.076" tests="4" errors="0" skipped="0" failures="0">
  <properties>
[...]
</properties>
  <testcase name="testBasicStates" classname="com.ossimulator.core.ProcessStateTest" time="0.04"/>
  <testcase name="testSuspendedStates" classname="com.ossimulator.core.ProcessStateTest" time="0.0"/>
  <testcase name="testValueOf" classname="com.ossimulator.core.ProcessStateTest" time="0.005"/>
  <testcase name="testAllStatesExist" classname="com.ossimulator.core.ProcessStateTest" time="0.001"/>
</testsuite>